<?xml version="1.0" encoding="UTF-8"?>
<coverage generated="1742503295599" clover="3.2.0">
  <project timestamp="1742503295599" name="All files">
    <metrics statements="13" coveredstatements="0" conditionals="1" coveredconditionals="1" methods="1" coveredmethods="1" elements="15" coveredelements="2" complexity="0" loc="13" ncloc="13" packages="1" files="1" classes="1"/>
    <file name="database.ts" path="/home/usuario/prct07-witcher-datamodel-grupod/src/base_datos/database.ts">
      <metrics statements="13" coveredstatements="0" conditionals="1" coveredconditionals="1" methods="1" coveredmethods="1"/>
      <line num="4" count="0" type="stmt"/>
      <line num="5" count="0" type="stmt"/>
      <line num="39" count="0" type="stmt"/>
      <line num="40" count="0" type="stmt"/>
      <line num="41" count="0" type="stmt"/>
      <line num="42" count="0" type="stmt"/>
      <line num="43" count="0" type="stmt"/>
      <line num="44" count="0" type="stmt"/>
      <line num="51" count="0" type="stmt"/>
      <line num="52" count="0" type="stmt"/>
      <line num="53" count="0" type="stmt"/>
      <line num="54" count="0" type="stmt"/>
      <line num="55" count="0" type="stmt"/>
    </file>
  </project>
</coverage>
