{"/home/usuario/prct07-witcher-datamodel-grupod/src/base_datos/database.ts": {"path":"/home/usuario/prct07-witcher-datamodel-grupod/src/base_datos/database.ts","all":true,"statementMap":{"3":{"start":{"line":4,"column":0},"end":{"line":4,"column":83}},"4":{"start":{"line":5,"column":0},"end":{"line":5,"column":94}},"38":{"start":{"line":39,"column":0},"end":{"line":39,"column":72}},"39":{"start":{"line":40,"column":0},"end":{"line":40,"column":13}},"40":{"start":{"line":41,"column":0},"end":{"line":41,"column":17}},"41":{"start":{"line":42,"column":0},"end":{"line":42,"column":15}},"42":{"start":{"line":43,"column":0},"end":{"line":43,"column":20}},"43":{"start":{"line":44,"column":0},"end":{"line":44,"column":3}},"50":{"start":{"line":51,"column":0},"end":{"line":51,"column":32}},"51":{"start":{"line":52,"column":0},"end":{"line":52,"column":18}},"52":{"start":{"line":53,"column":0},"end":{"line":53,"column":109}},"53":{"start":{"line":54,"column":0},"end":{"line":54,"column":19}},"54":{"start":{"line":55,"column":0},"end":{"line":55,"column":1}}},"s":{"3":0,"4":0,"38":0,"39":0,"40":0,"41":0,"42":0,"43":0,"50":0,"51":0,"52":0,"53":0,"54":0},"branchMap":{"0":{"type":"branch","line":1,"loc":{"start":{"line":1,"column":2069},"end":{"line":58,"column":14}},"locations":[{"start":{"line":1,"column":2069},"end":{"line":58,"column":14}}]}},"b":{"0":[1]},"fnMap":{"0":{"name":"(empty-report)","decl":{"start":{"line":1,"column":2069},"end":{"line":58,"column":14}},"loc":{"start":{"line":1,"column":2069},"end":{"line":58,"column":14}},"line":1}},"f":{"0":1}}
}
